<?xml version="1.0" encoding="UTF-8"?>
<!-- Generated by org.testng.reporters.JUnitReportReporter -->
<testsuite skipped="0" hostname="C02W45T6HTD8" name="parallel.MyRunner" tests="5" failures="0" timestamp="31 Mar 2021 19:32:08 GMT" time="62.317" errors="0">
  <testcase name="runScenario" time="13.758" classname="parallel.MyRunner"/>
  <testcase name="runScenario" time="11.223" classname="parallel.MyRunner"/>
  <testcase name="runScenario" time="13.661" classname="parallel.MyRunner"/>
  <testcase name="runScenario" time="10.978" classname="parallel.MyRunner"/>
  <testcase name="runScenario" time="12.697" classname="parallel.MyRunner"/>
</testsuite> <!-- parallel.MyRunner -->
